TN:
SF:src\application\services\VideoProcessingService.ts
FN:5,(anonymous_0)
FN:12,(anonymous_1)
FN:43,(anonymous_2)
FNF:3
FNH:3
FNDA:9,(anonymous_0)
FNDA:7,(anonymous_1)
FNDA:2,(anonymous_2)
DA:4,1
DA:6,9
DA:7,9
DA:8,9
DA:9,9
DA:13,7
DA:18,7
DA:19,0
DA:20,0
DA:23,7
DA:24,7
DA:26,7
DA:27,2
DA:28,2
DA:32,5
DA:33,5
DA:36,5
DA:37,5
DA:39,1
DA:43,5
DA:44,2
DA:45,2
DA:47,1
DA:51,5
LF:24
LH:22
BRDA:18,0,0,0
BRDA:18,0,1,7
BRDA:18,1,0,7
BRDA:18,1,1,0
BRDA:26,2,0,2
BRF:5
BRH:3
end_of_record
TN:
SF:src\domain\entities\QueueMessage.ts
FN:8,(anonymous_0)
FN:14,(anonymous_1)
FN:22,(anonymous_2)
FNF:3
FNH:3
FNDA:16,(anonymous_0)
FNDA:2,(anonymous_1)
FNDA:12,(anonymous_2)
DA:7,3
DA:9,16
DA:10,16
DA:11,16
DA:15,2
DA:23,12
DA:24,12
DA:26,3
LF:8
LH:8
BRF:0
BRH:0
end_of_record
TN:
SF:src\domain\entities\VideoProcessing.ts
FN:28,(anonymous_0)
FN:36,(anonymous_1)
FN:46,(anonymous_2)
FNF:3
FNH:3
FNDA:12,(anonymous_0)
FNDA:10,(anonymous_1)
FNDA:12,(anonymous_2)
DA:27,3
DA:29,12
DA:30,12
DA:31,12
DA:32,12
DA:33,12
DA:37,10
DA:47,12
LF:8
LH:8
BRF:0
BRH:0
end_of_record
TN:
SF:src\domain\useCases\CreateQueueUseCase.ts
FN:4,(anonymous_0)
FN:6,(anonymous_1)
FNF:2
FNH:2
FNDA:7,(anonymous_0)
FNDA:5,(anonymous_1)
DA:3,2
DA:4,7
DA:7,5
DA:8,5
DA:9,4
DA:10,3
DA:12,4
DA:14,1
DA:15,1
LF:9
LH:9
BRDA:9,0,0,3
BRF:1
BRH:1
end_of_record
TN:
SF:src\domain\useCases\HealthCheckUseCaseImpl.ts
FN:9,(anonymous_0)
FN:17,(anonymous_1)
FN:33,(anonymous_2)
FN:43,(anonymous_3)
FN:60,(anonymous_4)
FN:78,(anonymous_5)
FN:102,(anonymous_6)
FNF:7
FNH:7
FNDA:12,(anonymous_0)
FNDA:8,(anonymous_1)
FNDA:17,(anonymous_2)
FNDA:8,(anonymous_3)
FNDA:8,(anonymous_4)
FNDA:8,(anonymous_5)
FNDA:24,(anonymous_6)
DA:6,2
DA:10,12
DA:11,12
DA:12,12
DA:14,12
DA:18,8
DA:19,8
DA:21,8
DA:27,8
DA:33,17
DA:35,8
DA:44,8
DA:46,8
DA:47,5
DA:52,3
DA:61,8
DA:65,8
DA:70,0
DA:79,8
DA:81,8
DA:82,0
DA:88,8
DA:89,5
DA:94,3
DA:103,24
DA:104,23
DA:106,1
LF:27
LH:25
BRDA:36,0,0,3
BRDA:36,0,1,5
BRDA:55,1,0,2
BRDA:55,1,1,1
BRDA:73,2,0,0
BRDA:73,2,1,0
BRDA:88,3,0,5
BRDA:88,4,0,8
BRDA:88,4,1,7
BRDA:97,5,0,2
BRDA:97,5,1,1
BRDA:103,6,0,23
BRDA:103,6,1,1
BRDA:109,7,0,1
BRDA:109,7,1,0
BRF:15
BRH:12
end_of_record
TN:
SF:src\domain\useCases\ProcessVideoUseCase.ts
FN:12,(anonymous_1)
FN:21,(anonymous_2)
FN:39,(anonymous_3)
FN:70,(anonymous_4)
FNF:4
FNH:4
FNDA:10,(anonymous_1)
FNDA:8,(anonymous_2)
FNDA:7,(anonymous_3)
FNDA:6,(anonymous_4)
DA:6,2
DA:8,2
DA:9,2
DA:11,2
DA:13,10
DA:14,10
DA:15,10
DA:16,10
DA:17,10
DA:18,10
DA:22,8
DA:23,8
DA:25,7
DA:26,1
DA:27,1
DA:30,6
DA:31,7
DA:34,1
DA:35,1
DA:40,7
DA:41,7
DA:42,6
DA:44,6
DA:46,6
DA:48,6
DA:49,4
DA:51,2
DA:55,6
DA:56,6
DA:57,6
DA:60,1
DA:61,1
DA:64,1
DA:65,1
DA:71,6
DA:80,6
DA:82,6
DA:83,6
DA:84,1
DA:88,5
DA:89,5
DA:91,5
DA:92,5
DA:93,5
DA:96,5
DA:97,5
DA:99,5
DA:100,5
DA:101,5
DA:104,5
DA:106,5
DA:107,1
DA:111,4
DA:112,4
DA:113,4
DA:116,4
DA:117,4
DA:119,4
DA:120,4
DA:121,4
DA:123,4
DA:125,2
DA:126,2
DA:127,2
LF:64
LH:64
BRDA:25,0,0,1
BRDA:48,1,0,4
BRDA:48,1,1,2
BRDA:55,2,0,6
BRDA:64,3,0,1
BRDA:83,4,0,1
BRDA:91,5,0,5
BRDA:91,5,1,0
BRDA:106,6,0,1
BRF:9
BRH:8
end_of_record
TN:
SF:src\infrastructure\adapters\AWSS3Adapter.ts
FN:6,(anonymous_0)
FN:10,(anonymous_1)
FN:15,(anonymous_2)
FN:53,(anonymous_3)
FNF:4
FNH:1
FNDA:17,(anonymous_0)
FNDA:0,(anonymous_1)
FNDA:0,(anonymous_2)
FNDA:0,(anonymous_3)
DA:1,1
DA:2,1
DA:5,1
DA:7,17
DA:12,0
DA:16,0
DA:22,0
DA:23,0
DA:24,0
DA:25,0
DA:26,0
DA:27,0
DA:28,0
DA:30,0
DA:31,0
DA:33,0
DA:34,0
DA:35,0
DA:36,0
DA:38,0
DA:39,0
DA:40,0
DA:41,0
DA:42,0
DA:44,0
DA:45,0
DA:48,0
DA:49,0
DA:54,0
DA:61,0
DA:62,0
DA:63,0
DA:64,0
DA:65,0
DA:66,0
DA:67,0
DA:68,0
DA:70,0
DA:71,0
DA:72,0
DA:73,0
DA:75,0
DA:76,0
LF:43
LH:4
BRDA:24,0,0,0
BRDA:24,0,1,0
BRDA:33,1,0,0
BRDA:33,1,1,0
BRDA:36,2,0,0
BRDA:36,2,1,0
BRDA:63,3,0,0
BRDA:63,3,1,0
BRF:8
BRH:0
end_of_record
TN:
SF:src\infrastructure\adapters\AWSSQSAdapter.ts
FN:6,(anonymous_0)
FN:8,(anonymous_1)
FN:41,(anonymous_2)
FN:58,(anonymous_3)
FN:71,(anonymous_4)
FNF:5
FNH:1
FNDA:13,(anonymous_0)
FNDA:0,(anonymous_1)
FNDA:0,(anonymous_2)
FNDA:0,(anonymous_3)
FNDA:0,(anonymous_4)
DA:1,1
DA:3,1
DA:5,1
DA:6,13
DA:9,0
DA:16,0
DA:17,0
DA:18,0
DA:20,0
DA:21,0
DA:24,0
DA:26,0
DA:27,0
DA:28,0
DA:29,0
DA:32,0
DA:33,0
DA:36,0
DA:37,0
DA:42,0
DA:51,0
DA:52,0
DA:54,0
DA:55,0
DA:58,0
DA:59,0
DA:66,0
DA:67,0
DA:72,0
DA:77,0
DA:78,0
DA:80,0
DA:81,0
LF:33
LH:4
BRDA:20,0,0,0
BRDA:20,1,0,0
BRDA:20,1,1,0
BRDA:24,2,0,0
BRDA:24,2,1,0
BRDA:26,3,0,0
BRDA:26,3,1,0
BRDA:54,4,0,0
BRDA:54,5,0,0
BRDA:54,5,1,0
BRDA:61,6,0,0
BRDA:61,6,1,0
BRF:12
BRH:0
end_of_record
TN:
SF:src\infrastructure\adapters\ConsoleNotificationAdapter.ts
FN:13,(anonymous_0)
FN:15,(anonymous_1)
FN:20,(anonymous_2)
FN:56,(anonymous_3)
FN:67,(anonymous_4)
FN:105,(anonymous_5)
FNF:6
FNH:6
FNDA:14,(anonymous_0)
FNDA:4,(anonymous_1)
FNDA:4,(anonymous_2)
FNDA:7,(anonymous_3)
FNDA:4,(anonymous_4)
FNDA:4,(anonymous_5)
DA:4,2
DA:5,14
DA:9,14
DA:13,14
DA:17,4
DA:21,4
DA:24,4
DA:25,4
DA:27,4
DA:40,4
DA:41,4
DA:43,0
DA:48,4
DA:49,4
DA:51,0
DA:57,7
DA:68,4
DA:69,4
DA:70,4
DA:73,0
DA:74,0
DA:75,0
DA:78,0
DA:84,0
DA:85,0
DA:87,0
DA:97,0
DA:98,0
DA:99,0
DA:102,0
DA:106,4
DA:107,4
DA:108,4
DA:111,0
DA:112,0
DA:113,0
DA:116,0
DA:117,0
DA:118,0
DA:121,0
DA:126,0
DA:128,0
DA:129,0
DA:131,0
DA:141,0
DA:142,0
DA:143,0
DA:146,0
LF:48
LH:20
BRDA:5,0,0,0
BRDA:5,0,1,14
BRDA:9,1,0,0
BRDA:9,1,1,14
BRDA:24,2,0,4
BRDA:24,2,1,0
BRDA:25,3,0,0
BRDA:25,3,1,4
BRDA:59,4,0,7
BRDA:59,4,1,3
BRDA:68,5,0,4
BRDA:68,6,0,4
BRDA:68,6,1,0
BRDA:73,7,0,0
BRDA:97,8,0,0
BRDA:106,9,0,4
BRDA:111,10,0,0
BRDA:116,11,0,0
BRDA:141,12,0,0
BRF:19
BRH:9
end_of_record
TN:
SF:src\infrastructure\adapters\ExpressServerAdapter.ts
FN:10,(anonymous_1)
FN:15,(anonymous_2)
FN:20,(anonymous_3)
FN:50,(anonymous_4)
FN:58,(anonymous_5)
FN:71,(anonymous_6)
FN:84,(anonymous_7)
FN:85,(anonymous_8)
FN:87,(anonymous_9)
FN:95,(anonymous_10)
FN:106,(anonymous_11)
FN:107,(anonymous_12)
FN:109,(anonymous_13)
FN:120,(anonymous_14)
FNF:14
FNH:13
FNDA:12,(anonymous_1)
FNDA:12,(anonymous_2)
FNDA:3,(anonymous_3)
FNDA:1,(anonymous_4)
FNDA:1,(anonymous_5)
FNDA:2,(anonymous_6)
FNDA:9,(anonymous_7)
FNDA:9,(anonymous_8)
FNDA:9,(anonymous_9)
FNDA:0,(anonymous_10)
FNDA:11,(anonymous_11)
FNDA:11,(anonymous_12)
FNDA:9,(anonymous_13)
FNDA:16,(anonymous_14)
DA:1,2
DA:5,2
DA:8,12
DA:10,12
DA:11,12
DA:12,12
DA:17,12
DA:20,12
DA:21,3
DA:22,3
DA:24,2
DA:26,2
DA:35,1
DA:36,1
DA:50,12
DA:51,1
DA:58,12
DA:59,1
DA:71,12
DA:72,2
DA:85,9
DA:86,9
DA:87,9
DA:88,9
DA:89,9
DA:90,9
DA:91,9
DA:92,9
DA:95,9
DA:96,0
DA:97,0
DA:100,0
DA:101,0
DA:107,11
DA:108,11
DA:109,9
DA:110,9
DA:111,9
DA:112,9
DA:115,2
DA:121,16
LF:41
LH:37
BRDA:24,0,0,1
BRDA:24,0,1,1
BRDA:31,1,0,2
BRDA:31,1,1,0
BRDA:43,2,0,1
BRDA:43,2,1,0
BRDA:64,3,0,1
BRDA:64,3,1,0
BRDA:108,4,0,9
BRDA:108,4,1,2
BRDA:108,5,0,11
BRDA:108,5,1,10
BRF:12
BRH:9
end_of_record
TN:
SF:src\infrastructure\adapters\FFmpegVideoProcessor.ts
FN:10,(anonymous_1)
FN:16,(anonymous_2)
FN:21,(anonymous_3)
FN:24,(anonymous_4)
FN:32,(anonymous_5)
FN:45,(anonymous_6)
FN:50,(anonymous_7)
FN:51,(anonymous_8)
FN:56,(anonymous_9)
FN:79,(anonymous_10)
FN:86,(anonymous_11)
FNF:11
FNH:1
FNDA:8,(anonymous_1)
FNDA:0,(anonymous_2)
FNDA:0,(anonymous_3)
FNDA:0,(anonymous_4)
FNDA:0,(anonymous_5)
FNDA:0,(anonymous_6)
FNDA:0,(anonymous_7)
FNDA:0,(anonymous_8)
FNDA:0,(anonymous_9)
FNDA:0,(anonymous_10)
FNDA:0,(anonymous_11)
DA:1,1
DA:2,1
DA:3,1
DA:4,1
DA:9,1
DA:11,8
DA:12,8
DA:13,8
DA:18,0
DA:22,0
DA:24,0
DA:25,0
DA:32,0
DA:33,0
DA:34,0
DA:35,0
DA:36,0
DA:38,0
DA:41,0
DA:45,0
DA:46,0
DA:51,0
DA:52,0
DA:53,0
DA:54,0
DA:56,0
DA:57,0
DA:58,0
DA:61,0
DA:64,0
DA:67,0
DA:70,0
DA:71,0
DA:73,0
DA:75,0
DA:79,0
DA:80,0
DA:83,0
DA:85,0
DA:86,0
DA:87,0
DA:90,0
DA:92,0
LF:43
LH:8
BRDA:33,0,0,0
BRDA:33,0,1,0
BRF:2
BRH:0
end_of_record
TN:
SF:src\infrastructure\adapters\NodeFileSystemAdapter.ts
FN:6,(anonymous_1)
FN:9,(anonymous_2)
FN:13,(anonymous_3)
FN:17,(anonymous_4)
FN:21,(anonymous_5)
FN:25,(anonymous_6)
FN:29,(anonymous_7)
FNF:7
FNH:7
FNDA:2,(anonymous_1)
FNDA:2,(anonymous_2)
FNDA:2,(anonymous_3)
FNDA:2,(anonymous_4)
FNDA:1,(anonymous_5)
FNDA:1,(anonymous_6)
FNDA:1,(anonymous_7)
DA:1,2
DA:2,2
DA:5,2
DA:7,2
DA:10,2
DA:14,2
DA:18,2
DA:22,1
DA:26,1
DA:30,1
LF:10
LH:10
BRF:0
BRH:0
end_of_record
TN:
SF:src\infrastructure\config\AppConfig.ts
FNF:0
FNH:0
DA:23,0
LF:1
LH:0
BRF:0
BRH:0
end_of_record
TN:
SF:src\infrastructure\factories\DependencyFactory.ts
FN:20,(anonymous_0)
FN:37,(anonymous_1)
FN:41,(anonymous_2)
FN:45,(anonymous_3)
FN:48,(anonymous_4)
FN:56,(anonymous_5)
FN:60,(anonymous_6)
FN:71,(anonymous_7)
FN:75,(anonymous_8)
FN:83,(anonymous_9)
FNF:10
FNH:10
FNDA:13,(anonymous_0)
FNDA:13,(anonymous_1)
FNDA:17,(anonymous_2)
FNDA:12,(anonymous_3)
FNDA:8,(anonymous_4)
FNDA:4,(anonymous_5)
FNDA:2,(anonymous_6)
FNDA:2,(anonymous_7)
FNDA:4,(anonymous_8)
FNDA:2,(anonymous_9)
DA:1,1
DA:2,1
DA:4,1
DA:5,1
DA:6,1
DA:7,1
DA:8,1
DA:9,1
DA:10,1
DA:11,1
DA:13,1
DA:15,1
DA:21,13
DA:24,13
DA:28,13
DA:33,13
DA:34,13
DA:38,13
DA:42,17
DA:46,12
DA:49,8
DA:57,4
DA:61,2
DA:72,2
DA:76,4
DA:84,2
LF:26
LH:26
BRF:0
BRH:0
end_of_record
