TN:
SF:src\application\services\VideoProcessingService.ts
FN:5,(anonymous_0)
FN:11,(anonymous_1)
FN:33,(anonymous_2)
FNF:3
FNH:3
FNDA:9,(anonymous_0)
FNDA:7,(anonymous_1)
FNDA:2,(anonymous_2)
DA:4,1
DA:6,9
DA:7,9
DA:8,9
DA:9,9
DA:12,7
DA:15,7
DA:17,7
DA:18,2
DA:19,2
DA:22,5
DA:23,5
DA:26,5
DA:27,5
DA:29,1
DA:33,5
DA:34,2
DA:35,2
DA:37,1
DA:41,5
LF:20
LH:20
BRDA:17,0,0,2
BRF:1
BRH:1
end_of_record
TN:
SF:src\domain\entities\QueueMessage.ts
FN:8,(anonymous_0)
FN:14,(anonymous_1)
FN:22,(anonymous_2)
FNF:3
FNH:3
FNDA:16,(anonymous_0)
FNDA:2,(anonymous_1)
FNDA:12,(anonymous_2)
DA:7,3
DA:9,16
DA:10,16
DA:11,16
DA:15,2
DA:23,12
DA:24,12
DA:26,3
LF:8
LH:8
BRF:0
BRH:0
end_of_record
TN:
SF:src\domain\entities\VideoProcessing.ts
FN:19,(anonymous_0)
FN:26,(anonymous_1)
FN:35,(anonymous_2)
FNF:3
FNH:3
FNDA:12,(anonymous_0)
FNDA:10,(anonymous_1)
FNDA:12,(anonymous_2)
DA:18,3
DA:20,12
DA:21,12
DA:22,12
DA:23,12
DA:27,10
DA:36,12
LF:7
LH:7
BRF:0
BRH:0
end_of_record
TN:
SF:src\domain\useCases\CreateQueueUseCase.ts
FN:4,(anonymous_0)
FN:6,(anonymous_1)
FNF:2
FNH:2
FNDA:8,(anonymous_0)
FNDA:5,(anonymous_1)
DA:3,2
DA:4,8
DA:7,5
DA:8,5
DA:9,4
DA:10,3
DA:12,4
DA:14,1
DA:15,1
LF:9
LH:9
BRDA:9,0,0,3
BRF:1
BRH:1
end_of_record
TN:
SF:src\domain\useCases\ProcessVideoUseCase.ts
FN:12,(anonymous_1)
FN:20,(anonymous_2)
FN:38,(anonymous_3)
FN:69,(anonymous_4)
FNF:4
FNH:4
FNDA:11,(anonymous_1)
FNDA:8,(anonymous_2)
FNDA:7,(anonymous_3)
FNDA:6,(anonymous_4)
DA:6,2
DA:8,2
DA:9,2
DA:11,2
DA:13,11
DA:14,11
DA:15,11
DA:16,11
DA:17,11
DA:21,8
DA:22,8
DA:24,7
DA:25,1
DA:26,1
DA:29,6
DA:30,7
DA:33,1
DA:34,1
DA:39,7
DA:40,7
DA:41,6
DA:43,6
DA:45,6
DA:47,6
DA:48,4
DA:50,2
DA:54,6
DA:55,6
DA:56,6
DA:59,1
DA:60,1
DA:63,1
DA:64,1
DA:70,6
DA:78,6
DA:80,6
DA:81,6
DA:82,1
DA:86,5
DA:87,5
DA:89,5
DA:90,5
DA:91,5
DA:94,5
DA:95,5
DA:97,5
DA:98,5
DA:99,5
DA:102,5
DA:104,5
DA:105,1
DA:109,4
DA:110,4
DA:111,4
DA:114,4
DA:115,4
DA:117,4
DA:119,4
DA:120,4
DA:122,4
DA:124,2
DA:125,2
DA:126,2
LF:63
LH:63
BRDA:24,0,0,1
BRDA:47,1,0,4
BRDA:47,1,1,2
BRDA:54,2,0,6
BRDA:63,3,0,1
BRDA:81,4,0,1
BRDA:89,5,0,5
BRDA:89,5,1,0
BRDA:104,6,0,1
BRF:9
BRH:8
end_of_record
TN:
SF:src\infrastructure\adapters\AWSS3Adapter.ts
FN:6,(anonymous_0)
FN:8,(anonymous_1)
FN:35,(anonymous_2)
FNF:3
FNH:1
FNDA:4,(anonymous_0)
FNDA:0,(anonymous_1)
FNDA:0,(anonymous_2)
DA:1,1
DA:2,1
DA:5,1
DA:6,4
DA:9,0
DA:14,0
DA:15,0
DA:17,0
DA:18,0
DA:19,0
DA:20,0
DA:22,0
DA:23,0
DA:24,0
DA:26,0
DA:27,0
DA:30,0
DA:31,0
DA:36,0
DA:42,0
DA:43,0
DA:44,0
DA:46,0
DA:47,0
LF:24
LH:4
BRDA:17,0,0,0
BRDA:17,0,1,0
BRDA:20,1,0,0
BRDA:20,1,1,0
BRF:4
BRH:0
end_of_record
TN:
SF:src\infrastructure\adapters\AWSSQSAdapter.ts
FN:6,(anonymous_0)
FN:8,(anonymous_1)
FN:25,(anonymous_2)
FN:42,(anonymous_3)
FN:55,(anonymous_4)
FNF:5
FNH:1
FNDA:7,(anonymous_0)
FNDA:0,(anonymous_1)
FNDA:0,(anonymous_2)
FNDA:0,(anonymous_3)
FNDA:0,(anonymous_4)
DA:1,1
DA:3,1
DA:5,1
DA:6,7
DA:9,0
DA:16,0
DA:17,0
DA:18,0
DA:20,0
DA:21,0
DA:26,0
DA:35,0
DA:36,0
DA:38,0
DA:39,0
DA:42,0
DA:43,0
DA:50,0
DA:51,0
DA:56,0
DA:61,0
DA:62,0
DA:64,0
DA:65,0
LF:24
LH:4
BRDA:38,0,0,0
BRDA:38,1,0,0
BRDA:38,1,1,0
BRDA:45,2,0,0
BRDA:45,2,1,0
BRF:5
BRH:0
end_of_record
TN:
SF:src\infrastructure\adapters\ConsoleNotificationAdapter.ts
FN:5,(anonymous_0)
FN:18,(anonymous_1)
FNF:2
FNH:2
FNDA:4,(anonymous_0)
FNDA:7,(anonymous_1)
DA:4,2
DA:6,4
DA:19,7
LF:3
LH:3
BRDA:21,0,0,7
BRDA:21,0,1,3
BRF:2
BRH:2
end_of_record
TN:
SF:src\infrastructure\adapters\FFmpegVideoProcessor.ts
FN:8,(anonymous_1)
FN:10,(anonymous_2)
FN:13,(anonymous_3)
FN:21,(anonymous_4)
FN:34,(anonymous_5)
FN:40,(anonymous_6)
FN:41,(anonymous_7)
FN:46,(anonymous_8)
FN:51,(anonymous_9)
FN:58,(anonymous_10)
FNF:10
FNH:1
FNDA:4,(anonymous_1)
FNDA:0,(anonymous_2)
FNDA:0,(anonymous_3)
FNDA:0,(anonymous_4)
FNDA:0,(anonymous_5)
FNDA:0,(anonymous_6)
FNDA:0,(anonymous_7)
FNDA:0,(anonymous_8)
FNDA:0,(anonymous_9)
FNDA:0,(anonymous_10)
DA:1,1
DA:2,1
DA:3,1
DA:7,1
DA:8,4
DA:11,0
DA:13,0
DA:14,0
DA:21,0
DA:22,0
DA:23,0
DA:24,0
DA:25,0
DA:27,0
DA:30,0
DA:34,0
DA:35,0
DA:41,0
DA:42,0
DA:43,0
DA:44,0
DA:46,0
DA:47,0
DA:48,0
DA:51,0
DA:52,0
DA:55,0
DA:57,0
DA:58,0
DA:59,0
DA:62,0
DA:64,0
LF:32
LH:5
BRDA:22,0,0,0
BRDA:22,0,1,0
BRF:2
BRH:0
end_of_record
TN:
SF:src\infrastructure\adapters\NodeFileSystemAdapter.ts
FN:6,(anonymous_1)
FN:10,(anonymous_2)
FN:14,(anonymous_3)
FN:18,(anonymous_4)
FN:22,(anonymous_5)
FN:26,(anonymous_6)
FNF:6
FNH:0
FNDA:0,(anonymous_1)
FNDA:0,(anonymous_2)
FNDA:0,(anonymous_3)
FNDA:0,(anonymous_4)
FNDA:0,(anonymous_5)
FNDA:0,(anonymous_6)
DA:1,1
DA:2,1
DA:5,1
DA:7,0
DA:11,0
DA:15,0
DA:19,0
DA:23,0
DA:27,0
LF:9
LH:3
BRF:0
BRH:0
end_of_record
TN:
SF:src\infrastructure\config\AppConfig.ts
FNF:0
FNH:0
DA:21,0
LF:1
LH:0
BRF:0
BRH:0
end_of_record
TN:
SF:src\infrastructure\factories\DependencyFactory.ts
FN:17,(anonymous_0)
FN:34,(anonymous_1)
FN:38,(anonymous_2)
FN:42,(anonymous_3)
FN:46,(anonymous_4)
FN:50,(anonymous_5)
FN:54,(anonymous_6)
FN:64,(anonymous_7)
FNF:8
FNH:8
FNDA:8,(anonymous_0)
FNDA:7,(anonymous_1)
FNDA:4,(anonymous_2)
FNDA:10,(anonymous_3)
FNDA:4,(anonymous_4)
FNDA:4,(anonymous_5)
FNDA:3,(anonymous_6)
FNDA:3,(anonymous_7)
DA:1,1
DA:2,1
DA:4,1
DA:5,1
DA:6,1
DA:7,1
DA:8,1
DA:9,1
DA:10,1
DA:12,1
DA:18,8
DA:20,8
DA:26,8
DA:35,7
DA:39,4
DA:43,10
DA:47,4
DA:51,4
DA:55,3
DA:65,3
LF:20
LH:20
BRF:0
BRH:0
end_of_record
